<?xml version="1.0" encoding="UTF-8"?>
<!-- Generated by org.testng.reporters.JUnitReportReporter -->
<testsuite hostname="DESKTOP-OO97RQ9" failures="0" tests="3" name="com.testng.E" time="0.031" errors="0" timestamp="09 Dec 2024 05:43:00 GMT" skipped="0">
  <testcase classname="com.testng.E" name="tc4" time="0.002"/>
  <testcase classname="com.testng.E" name="tc2" time="0.001"/>
  <testcase classname="com.testng.E" name="tc1" time="0.028"/>
</testsuite> <!-- com.testng.E -->
