<?xml version="1.0" encoding="UTF-8"?>
<!-- Generated by org.testng.reporters.JUnitReportReporter -->
<testsuite hostname="DESKTOP-OO97RQ9" failures="0" tests="2" name="com.testng.F" time="0.015" errors="0" timestamp="09 Dec 2024 05:43:00 GMT" skipped="0">
  <testcase classname="com.testng.F" name="tc6" time="0.008"/>
  <testcase classname="com.testng.F" name="tc7" time="0.007"/>
</testsuite> <!-- com.testng.F -->
