<?xml version="1.0" encoding="UTF-8"?>
<!-- Generated by org.testng.reporters.JUnitReportReporter -->
<testsuite hostname="DESKTOP-OO97RQ9" failures="0" tests="4" name="com.testng.Hello" time="0.056" errors="0" timestamp="17 Jan 2025 12:44:39 GMT" skipped="0">
  <testcase classname="com.testng.Hello" name="login" time="0.048"/>
  <testcase classname="com.testng.Hello" name="login" time="0.002"/>
  <testcase classname="com.testng.Hello" name="login" time="0.002"/>
  <testcase classname="com.testng.Hello" name="login" time="0.004"/>
</testsuite> <!-- com.testng.Hello -->
