<?xml version="1.0" encoding="UTF-8"?>
<!-- Generated by org.testng.reporters.JUnitReportReporter -->
<testsuite hostname="DESKTOP-OO97RQ9" failures="0" tests="2" name="com.testng.A" time="0.018" errors="0" timestamp="08 Dec 2024 11:55:42 GMT" skipped="0">
  <testcase classname="com.testng.A" name="test7" time="0.002"/>
  <testcase classname="com.testng.A" name="test6" time="0.016"/>
</testsuite> <!-- com.testng.A -->
