<?xml version="1.0" encoding="UTF-8"?>
<!-- Generated by org.testng.reporters.JUnitReportReporter -->
<testsuite hostname="DESKTOP-OO97RQ9" failures="0" tests="4" name="com.testng.Sample" time="1.259" errors="0" timestamp="09 Dec 2024 05:47:25 GMT" skipped="0">
  <testcase classname="com.testng.Sample" name="login" time="0.378"/>
  <testcase classname="com.testng.Sample" name="login" time="0.225"/>
  <testcase classname="com.testng.Sample" name="login" time="0.328"/>
  <testcase classname="com.testng.Sample" name="login" time="0.328"/>
</testsuite> <!-- com.testng.Sample -->
